  forma0.cpp
C:\Users\dyksi\OneDrive\Pulpit\studia\semestr I\Podstawy informatyki\Klotangle\Klotangle\MyForm.h(836,20): warning C4101: "punkt": lokalna zmienna, do której nie istnieje odwołanie
C:\Users\dyksi\OneDrive\Pulpit\studia\semestr I\Podstawy informatyki\Klotangle\Klotangle\MyForm.h(974,1): warning C4305: "=": obcięcie z "int" do "char"
C:\Users\dyksi\OneDrive\Pulpit\studia\semestr I\Podstawy informatyki\Klotangle\Klotangle\MyForm.h(974,14): warning C4309: "=": obcięcie stałej wartości
C:\Users\dyksi\OneDrive\Pulpit\studia\semestr I\Podstawy informatyki\Klotangle\Klotangle\poziom1.h(897,12): warning C4553: „==”: Wynik wyrażenia nie jest używany; czy chodziło Ci o „=”?
C:\Users\dyksi\OneDrive\Pulpit\studia\semestr I\Podstawy informatyki\Klotangle\Klotangle\poziom1.h(927,10): warning C4553: „==”: Wynik wyrażenia nie jest używany; czy chodziło Ci o „=”?
C:\Users\dyksi\OneDrive\Pulpit\studia\semestr I\Podstawy informatyki\Klotangle\Klotangle\poziom1.h(933,1): warning C4305: "=": obcięcie z "int" do "char"
C:\Users\dyksi\OneDrive\Pulpit\studia\semestr I\Podstawy informatyki\Klotangle\Klotangle\poziom1.h(933,13): warning C4309: "=": obcięcie stałej wartości
  forma1.cpp
  forma2.cpp
  MyForm.cpp
C:\Users\dyksi\OneDrive\Pulpit\studia\semestr I\Podstawy informatyki\Klotangle\Klotangle\MyForm.h(836,20): warning C4101: "punkt": lokalna zmienna, do której nie istnieje odwołanie
C:\Users\dyksi\OneDrive\Pulpit\studia\semestr I\Podstawy informatyki\Klotangle\Klotangle\MyForm.h(974,1): warning C4305: "=": obcięcie z "int" do "char"
C:\Users\dyksi\OneDrive\Pulpit\studia\semestr I\Podstawy informatyki\Klotangle\Klotangle\MyForm.h(974,14): warning C4309: "=": obcięcie stałej wartości
  poziom1.cpp
C:\Users\dyksi\OneDrive\Pulpit\studia\semestr I\Podstawy informatyki\Klotangle\Klotangle\MyForm.h(836,20): warning C4101: "punkt": lokalna zmienna, do której nie istnieje odwołanie
C:\Users\dyksi\OneDrive\Pulpit\studia\semestr I\Podstawy informatyki\Klotangle\Klotangle\MyForm.h(974,1): warning C4305: "=": obcięcie z "int" do "char"
C:\Users\dyksi\OneDrive\Pulpit\studia\semestr I\Podstawy informatyki\Klotangle\Klotangle\MyForm.h(974,14): warning C4309: "=": obcięcie stałej wartości
C:\Users\dyksi\OneDrive\Pulpit\studia\semestr I\Podstawy informatyki\Klotangle\Klotangle\poziom1.h(897,12): warning C4553: „==”: Wynik wyrażenia nie jest używany; czy chodziło Ci o „=”?
C:\Users\dyksi\OneDrive\Pulpit\studia\semestr I\Podstawy informatyki\Klotangle\Klotangle\poziom1.h(927,10): warning C4553: „==”: Wynik wyrażenia nie jest używany; czy chodziło Ci o „=”?
C:\Users\dyksi\OneDrive\Pulpit\studia\semestr I\Podstawy informatyki\Klotangle\Klotangle\poziom1.h(933,1): warning C4305: "=": obcięcie z "int" do "char"
C:\Users\dyksi\OneDrive\Pulpit\studia\semestr I\Podstawy informatyki\Klotangle\Klotangle\poziom1.h(933,13): warning C4309: "=": obcięcie stałej wartości
  Źródło.cpp
C:\Users\dyksi\OneDrive\Pulpit\studia\semestr I\Podstawy informatyki\Klotangle\Klotangle\MyForm.h(836,20): warning C4101: "punkt": lokalna zmienna, do której nie istnieje odwołanie
C:\Users\dyksi\OneDrive\Pulpit\studia\semestr I\Podstawy informatyki\Klotangle\Klotangle\MyForm.h(974,1): warning C4305: "=": obcięcie z "int" do "char"
C:\Users\dyksi\OneDrive\Pulpit\studia\semestr I\Podstawy informatyki\Klotangle\Klotangle\MyForm.h(974,14): warning C4309: "=": obcięcie stałej wartości
C:\Users\dyksi\OneDrive\Pulpit\studia\semestr I\Podstawy informatyki\Klotangle\Klotangle\poziom1.h(897,12): warning C4553: „==”: Wynik wyrażenia nie jest używany; czy chodziło Ci o „=”?
C:\Users\dyksi\OneDrive\Pulpit\studia\semestr I\Podstawy informatyki\Klotangle\Klotangle\poziom1.h(927,10): warning C4553: „==”: Wynik wyrażenia nie jest używany; czy chodziło Ci o „=”?
C:\Users\dyksi\OneDrive\Pulpit\studia\semestr I\Podstawy informatyki\Klotangle\Klotangle\poziom1.h(933,1): warning C4305: "=": obcięcie z "int" do "char"
C:\Users\dyksi\OneDrive\Pulpit\studia\semestr I\Podstawy informatyki\Klotangle\Klotangle\poziom1.h(933,13): warning C4309: "=": obcięcie stałej wartości
  .NETFramework,Version=v4.7.2.AssemblyAttributes.cpp
  Generowanie kodu...
  forma0.obj : napotkano moduł MSIL; konsolidowanie przyrostowe jest wyłączone dla modułów MSIL; zostanie wykonana pełna konsolidacja
  Klotangle.vcxproj -> C:\Users\dyksi\OneDrive\Pulpit\studia\semestr I\Podstawy informatyki\Klotangle\x64\Debug\Klotangle.exe
